<?xml version="1.0" encoding="UTF-8" ?>
<testsuite tests="3" failures="0" name="org.grab.com.fraud.detector.rule.TestFraudulantAccountsRule" time="0.006" errors="0" skipped="0">
  <properties>
[...]
</properties>
  <testcase classname="org.grab.com.fraud.detector.rule.TestFraudulantAccountsRule" name="testIsFraudFromAccountIsFraud" time="0.002"/>
  <testcase classname="org.grab.com.fraud.detector.rule.TestFraudulantAccountsRule" name="testIsFraudToAccountAndFromAccountMetadataNull" time="0.002"/>
  <testcase classname="org.grab.com.fraud.detector.rule.TestFraudulantAccountsRule" name="testIsFraudToAccountIsFraud" time="0.002"/>
</testsuite>